20230301	11:28:53	ea0ab35e-66dd-4740-86b6-cda0d784d934	Error: Cannot set headers after they are sent to the client	POST	/63ff0c789bd62406feb99b9b/verify/c5dda79409e1b905a5fc2b5ab35dad13f4c688b0671431f4708b64981fc428c6	undefined
20230301	11:35:38	207176f6-5cc1-4f35-b50b-36ce796ce510	Error: Cannot set headers after they are sent to the client	POST	/63ff0dd8705f60d2f3ce4a62/verify/18709427ce63851289be280be219b1c5e022044e6fbbdc11b840cf7bdd471e8f	undefined
20230301	11:59:56	03d27ca6-37a8-48bb-98a7-03cab3abed59	ReferenceError: jwt is not defined	POST	/63ff1374d189f0a68a19ea1d/verify/ba304bb2a882f3aa3cafe0c1fed65e527530eb5e31c37625101263a63980e693	undefined
20230301	12:02:33	54e6c075-5bb7-44f7-a135-32d33b14dc92	SyntaxError: Unexpected token } in JSON at position 80	POST	/signup	undefined
20230301	12:11:43	384c9905-e48a-4967-9811-9b5925bac3fa	Error: Not allowed by CORS	POST	/63ff1374d189f0a68a19ea1d/verify/ba304bb2a882f3aa3cafe0c1fed65e527530eb5e31c37625101263a63980e693	http://localhost:3500
20230301	12:12:54	3679669b-e097-4941-b27d-c620a154508a	Error: Not allowed by CORS	POST	/63ff1374d189f0a68a19ea1d/verify/ba304bb2a882f3aa3cafe0c1fed65e527530eb5e31c37625101263a63980e693	http://localhost:3500
20230301	12:13:18	d46c2404-d471-4cdb-b484-a2de40f6ec51	Error: Not allowed by CORS	POST	/63ff1374d189f0a68a19ea1d/verify/ba304bb2a882f3aa3cafe0c1fed65e527530eb5e31c37625101263a63980e693	http://localhost:3500
20230301	12:15:14	9d78ab08-4e53-4334-a816-a2e610ce0d2b	Error: Not allowed by CORS	POST	/63ff1374d189f0a68a19ea1d/verify/ba304bb2a882f3aa3cafe0c1fed65e527530eb5e31c37625101263a63980e693	http://localhost:3500
20230301	12:24:00	817ebc28-8e24-4edd-aee4-c02179038431	Error: Cannot set headers after they are sent to the client	GET	/63ff1994ee0af331b415bea7/verify/38cd8752c4de60e7d5e665eea236682ab701752d3b0ac5392c22d7a30ecae65e	undefined
20230301	12:33:44	d9ce3aee-d732-4d22-aeb4-1e8f4305d63e	Error: Cannot set headers after they are sent to the client	GET	/63ff1bd96504e53798222a4b/verify/cb7e5b6f4e6fea5a4841be8f231d26f96be0c404e66400eff79dda5170fb1cc7	undefined
20230301	12:50:31	2dc3e0b7-be7b-4f22-843e-cc5adbf5839e	Error: Cannot set headers after they are sent to the client	GET	/63ff1fd29146e12da2193e06/verify/4750adda625e4c368a99281a5081cdf071bcf807963021b27a5e2d1f6feb556a	undefined
20230322	14:32:19	2137d498-924c-4c79-914d-cad140df1497	Error: ENOENT: no such file or directory, stat 'C:\Users\Sammy\Desktop\Web Projects\sondeka-voting\server\views\test.html'	GET	/test	undefined
20230322	14:32:19	57e24893-fee4-4874-a156-b075fd891e51	Error: ENOENT: no such file or directory, stat 'C:\Users\Sammy\Desktop\Web Projects\sondeka-voting\server\views\test.html'	GET	/test	undefined
20230404	10:24:59	756051f5-47ed-49fc-ae6b-792c68517857	Error: ENOENT: no such file or directory, stat 'C:\Users\Sammy\Desktop\Web Projects\sondeka-voting\server\views\test.html'	GET	/test	undefined
20230404	10:24:59	a9424b43-c57f-4d80-aef0-ba6f6bb021ef	Error: ENOENT: no such file or directory, stat 'C:\Users\Sammy\Desktop\Web Projects\sondeka-voting\server\views\test.html'	GET	/test	undefined
20230404	11:47:57	19ecde08-9049-43c8-83a6-766123a19367	ReferenceError: username is not defined	POST	/admin/authentication/login	undefined
20230404	12:02:25	adf63f30-3e3b-4ff7-85fb-9b82dd9100f7	ReferenceError: email is not defined	POST	/admin/authentication/login	undefined
20230404	12:03:23	f43984ea-9c67-424d-9424-f788488098f4	ReferenceError: username is not defined	POST	/admin/authentication/login	undefined
20230404	12:06:36	c6407f11-7c5d-4190-b3fb-77a45f48a402	Error: Cannot set headers after they are sent to the client	GET	/admin/authentication/logout	undefined
20230404	12:08:24	8bbcaa5d-88e0-454d-b4de-128fe1878d4f	Error: Cannot set headers after they are sent to the client	GET	/admin/authentication/logout	undefined
20230404	12:23:04	f756fff5-4025-4007-af49-696d5aa68c22	CastError: Cast to ObjectId failed for value "tester" (type string) at path "_id" for model "Category"	GET	/admin/categories/tester	undefined
20230404	12:25:46	c78191be-cc12-42cd-b882-07557e5a938e	CastError: Cast to ObjectId failed for value "tester" (type string) at path "_id" for model "Category"	GET	/admin/categories/tester	undefined
20230404	12:34:33	c5ff1aaa-3715-4247-bdb8-0f5796a0c9c9	TypeError: Cannot read properties of undefined (reading 'admin')	GET	/admin/categories/tester	undefined
20230404	12:36:17	f1fa9700-acc1-41b1-a9d7-ee88f65055a8	Error: Cannot set headers after they are sent to the client	GET	/admin/categories/tester	undefined
20230404	12:38:12	a6aff706-9ac4-4b4d-a1aa-a3a75f8e3ef8	Error: Cannot set headers after they are sent to the client	GET	/admin/categories/tester	undefined
20230404	13:52:52	3a77d5f0-7cc6-4bde-82ca-38bd087ca3d9	TypeError: Cannot read properties of undefined (reading 'split')	GET	/admin/categories/tester	undefined
20230404	13:53:57	4a2febcc-ee22-4baf-902e-28c6f7fc60a7	ReferenceError: sessions is not defined	GET	/admin/categories/tester	undefined
20230404	14:03:13	9ccf24b6-6d2d-4ff8-9031-f49f99cf5faa	ReferenceError: sessionsId is not defined	GET	/admin/categories/tester	undefined
