20230301	09:47:47	ab16a59f-3753-4d79-a4a8-30d52f30e38a	GET	/	undefined
20230301	09:47:47	0c81fe89-a6e1-46c5-864e-37eef5527ff4	GET	/	undefined
20230301	09:47:47	4a6b4dad-c587-462c-a788-4282a6718b2a	GET	/css/style.css	undefined
20230301	09:47:47	ca606eb0-8b87-4f42-9c34-8c16540acecd	GET	/favicon.ico	undefined
20230301	09:48:34	fe5b990a-6108-46a1-a2d1-1ea0f59bd4b0	POST	/	undefined
20230301	09:56:14	0d258bf3-77f3-4327-8e18-8a1b782029e0	POST	/	undefined
20230301	10:00:52	bf5457d1-9286-4720-ad70-8489cb7cb098	GET	/	undefined
20230301	11:07:06	815d6458-fa96-487e-8ede-81b119bc6eb6	POST	/signup	undefined
20230301	11:10:00	633dfb75-88b5-4603-a238-ef9db0f53445	POST	/signup	undefined
20230301	11:19:18	db9a775d-1cc0-41e2-924e-775b7682a308	POST	/signup	undefined
20230301	11:19:43	39a02ac4-3f44-4fbc-b2cd-5c728772558b	GET	/63ff0a87961b4e3874943873/verify/8a0de85a4ed77bad5d9b687c939104fd3f9edc4fb7bbb23f2553a23dc69bda66	undefined
20230301	11:19:43	ded8fc1b-3aea-419a-9f80-777045177e31	GET	/63ff0a87961b4e3874943873/verify/css/style.css	undefined
20230301	11:19:43	5fae170d-7d13-4d0d-b429-b54a52a85de9	GET	/63ff0a87961b4e3874943873/verify/8a0de85a4ed77bad5d9b687c939104fd3f9edc4fb7bbb23f2553a23dc69bda66	undefined
20230301	11:19:43	33e3b204-4ba5-4714-a6bf-835e7d8b495f	GET	/favicon.ico	undefined
20230301	11:22:22	24c40465-e46e-48d6-a98b-e86aeb5aec6b	GET	/63ff0a87961b4e3874943873/verify/8a0de85a4ed77bad5d9b687c939104fd3f9edc4fb7bbb23f2553a23dc69bda66	undefined
20230301	11:22:22	3c6968bc-123a-4566-8505-ea29f1de2e14	GET	/63ff0a87961b4e3874943873/verify/css/style.css	undefined
20230301	11:22:22	c019b3a2-7efc-4581-ba25-a47bbdf8bcc5	GET	/63ff0a87961b4e3874943873/verify/8a0de85a4ed77bad5d9b687c939104fd3f9edc4fb7bbb23f2553a23dc69bda66	undefined
20230301	11:22:47	88bed4b4-1b68-4fc6-8069-1f544a958472	POST	/63ff0a87961b4e3874943873/verify/8a0de85a4ed77bad5d9b687c939104fd3f9edc4fb7bbb23f2553a23dc69bda66	undefined
20230301	11:27:35	4254cbe4-3f5e-4f43-86db-bae42e76a359	POST	/signup	undefined
20230301	11:28:14	a6d0976a-2927-4210-8d38-cbfa74a07cbb	GET	/63ff0c789bd62406feb99b9b/verify/c5dda79409e1b905a5fc2b5ab35dad13f4c688b0671431f4708b64981fc428c6	undefined
20230301	11:28:14	4029e024-abcd-4224-99b4-cecd4067d93d	GET	/63ff0c789bd62406feb99b9b/verify/css/style.css	undefined
20230301	11:28:14	93dda546-c04f-4537-99f3-0d7d39b2d60a	GET	/63ff0c789bd62406feb99b9b/verify/c5dda79409e1b905a5fc2b5ab35dad13f4c688b0671431f4708b64981fc428c6	undefined
20230301	11:28:34	18ab9e2f-136a-488d-a59a-33b5ef00e8df	GET	/63ff0c789bd62406feb99b9b/verify/c5dda79409e1b905a5fc2b5ab35dad13f4c688b0671431f4708b64981fc428c6	undefined
20230301	11:28:34	f5a569cd-f95a-4542-98d9-1a8bd3f19c82	GET	/63ff0c789bd62406feb99b9b/verify/css/style.css	undefined
20230301	11:28:34	630e4390-994c-477d-b266-9ec98cbfc4c4	GET	/63ff0c789bd62406feb99b9b/verify/c5dda79409e1b905a5fc2b5ab35dad13f4c688b0671431f4708b64981fc428c6	undefined
20230301	11:28:52	4fc88758-0615-4297-9e7e-200010baee2a	POST	/63ff0c789bd62406feb99b9b/verify/c5dda79409e1b905a5fc2b5ab35dad13f4c688b0671431f4708b64981fc428c6	undefined
20230301	11:33:27	cfa50c3a-ee0e-439c-9106-c5ea895a0476	POST	/signup	undefined
20230301	11:33:50	8df47432-a959-4ce4-bed8-e0e56ac9d97d	GET	/63ff0dd8705f60d2f3ce4a62/verify/18709427ce63851289be280be219b1c5e022044e6fbbdc11b840cf7bdd471e8f	undefined
20230301	11:33:50	446ac8f3-f868-44f5-9ce0-b49b605354e9	GET	/63ff0dd8705f60d2f3ce4a62/verify/css/style.css	undefined
20230301	11:33:50	734b76b7-4d76-4891-a569-58aef08f8b98	GET	/63ff0dd8705f60d2f3ce4a62/verify/18709427ce63851289be280be219b1c5e022044e6fbbdc11b840cf7bdd471e8f	undefined
20230301	11:35:37	3e8ac8b0-515f-4a52-a5ed-e1109d2ed2ae	POST	/63ff0dd8705f60d2f3ce4a62/verify/18709427ce63851289be280be219b1c5e022044e6fbbdc11b840cf7bdd471e8f	undefined
20230301	11:56:30	b93905c1-0b88-493b-b84d-5fbe973ecb4a	POST	/63ff0dd8705f60d2f3ce4a62/verify/18709427ce63851289be280be219b1c5e022044e6fbbdc11b840cf7bdd471e8f	undefined
20230301	11:57:24	0292a1f1-eda9-4868-a6c0-19866de5561d	POST	/signup	undefined
20230301	11:57:44	30d07da3-62bc-4837-b0f2-e776c77364a7	GET	/63ff1374d189f0a68a19ea1d/verify/ba304bb2a882f3aa3cafe0c1fed65e527530eb5e31c37625101263a63980e693	undefined
20230301	11:57:44	d86196b1-bb26-4a91-ad64-7a96edccf547	GET	/63ff1374d189f0a68a19ea1d/verify/css/style.css	undefined
20230301	11:57:44	8ee67d93-0346-44a9-a552-bee3d83c5385	GET	/63ff1374d189f0a68a19ea1d/verify/ba304bb2a882f3aa3cafe0c1fed65e527530eb5e31c37625101263a63980e693	undefined
20230301	11:59:34	9479ff0e-281b-44f9-8989-64660b51465f	POST	/63ff0dd8705f60d2f3ce4a62/verify/18709427ce63851289be280be219b1c5e022044e6fbbdc11b840cf7bdd471e8f	undefined
20230301	11:59:54	12b8ccd9-bfaf-4161-b83b-86809e1aa4c4	POST	/63ff1374d189f0a68a19ea1d/verify/ba304bb2a882f3aa3cafe0c1fed65e527530eb5e31c37625101263a63980e693	undefined
20230301	12:02:18	6313cce6-7f58-46d4-a9ac-8c747c5df340	POST	/signup	undefined
20230301	12:02:33	c44a862c-b143-444a-88e0-bc9264ac0b27	POST	/signup	undefined
20230301	12:02:56	3248440b-1fdb-4a6a-914b-ff5b0286481b	POST	/signup	undefined
20230301	12:03:02	a14f0f54-3aeb-4890-830f-299a46760147	POST	/signup	undefined
20230301	12:03:18	75d37f13-11c6-44a5-ac34-4877ac966fac	GET	/63ff1374d189f0a68a19ea1d/verify/ba304bb2a882f3aa3cafe0c1fed65e527530eb5e31c37625101263a63980e693	undefined
20230301	12:03:18	d65c6824-d01f-4268-b610-e42f0f32a94b	GET	/63ff1374d189f0a68a19ea1d/verify/css/style.css	undefined
20230301	12:03:18	71bf0e61-c73d-4e18-991f-1a72c918954a	GET	/63ff1374d189f0a68a19ea1d/verify/ba304bb2a882f3aa3cafe0c1fed65e527530eb5e31c37625101263a63980e693	undefined
20230301	12:03:30	07f7722c-c757-43f6-bbb5-98220d0840a6	GET	/63ff1374d189f0a68a19ea1d/verify/css/style.css	undefined
20230301	12:11:43	12742dae-4142-46ef-a974-13d28af69411	POST	/63ff1374d189f0a68a19ea1d/verify/ba304bb2a882f3aa3cafe0c1fed65e527530eb5e31c37625101263a63980e693	http://localhost:3500
20230301	12:12:54	31f05dc8-b9b0-4c37-8280-ed952cfdc92a	POST	/63ff1374d189f0a68a19ea1d/verify/ba304bb2a882f3aa3cafe0c1fed65e527530eb5e31c37625101263a63980e693	http://localhost:3500
20230301	12:13:18	d904c60d-e178-4d77-810a-fd2f5e7c073b	POST	/63ff1374d189f0a68a19ea1d/verify/ba304bb2a882f3aa3cafe0c1fed65e527530eb5e31c37625101263a63980e693	http://localhost:3500
20230301	12:15:14	359e3fd2-2dda-48ed-89a7-05df42780168	POST	/63ff1374d189f0a68a19ea1d/verify/ba304bb2a882f3aa3cafe0c1fed65e527530eb5e31c37625101263a63980e693	http://localhost:3500
20230301	12:17:35	e9c623ea-8767-4c0b-993f-1e106d5edd71	POST	/63ff1374d189f0a68a19ea1d/verify/ba304bb2a882f3aa3cafe0c1fed65e527530eb5e31c37625101263a63980e693	http://localhost:3500
20230301	12:23:31	91d56f93-3da6-49b9-81b4-7b4e9ad46c8b	POST	/signup	undefined
20230301	12:23:59	35f67c2f-24c0-4ee6-91e8-b2a4fa96c77d	GET	/63ff1994ee0af331b415bea7/verify/38cd8752c4de60e7d5e665eea236682ab701752d3b0ac5392c22d7a30ecae65e	undefined
20230301	12:24:00	dbc5191a-5769-469e-af73-e94768a2d78d	GET	/63ff1994ee0af331b415bea7/verify/38cd8752c4de60e7d5e665eea236682ab701752d3b0ac5392c22d7a30ecae65e	undefined
20230301	12:33:12	b2f035ce-fcba-4e8d-ba90-6e4b81792f59	POST	/signup	undefined
20230301	12:33:31	1c7c156e-2c88-44ca-b02a-c7c81ac4e050	GET	/63ff1994ee0af331b415bea7/verify/38cd8752c4de60e7d5e665eea236682ab701752d3b0ac5392c22d7a30ecae65e	undefined
20230301	12:33:32	190221e8-f8cf-4e97-95cc-287ccf68a8ad	GET	/63ff1994ee0af331b415bea7/verify/38cd8752c4de60e7d5e665eea236682ab701752d3b0ac5392c22d7a30ecae65e	undefined
20230301	12:33:42	729eecbc-c8ee-4ab2-acab-c1dd34454ee2	GET	/63ff1bd96504e53798222a4b/verify/cb7e5b6f4e6fea5a4841be8f231d26f96be0c404e66400eff79dda5170fb1cc7	undefined
20230301	12:33:44	210aed27-47b5-429a-9d4f-9c7b45a17f67	GET	/63ff1bd96504e53798222a4b/verify/cb7e5b6f4e6fea5a4841be8f231d26f96be0c404e66400eff79dda5170fb1cc7	undefined
20230301	12:50:10	116d17ca-ab4b-4204-bbff-d42b7a2a9674	POST	/signup	undefined
20230301	12:50:29	89f99608-528e-4ed4-b4ef-36dcdee68b53	GET	/63ff1fd29146e12da2193e06/verify/4750adda625e4c368a99281a5081cdf071bcf807963021b27a5e2d1f6feb556a	undefined
20230301	12:50:31	acdfa756-7110-4ea0-a2f2-d0685114771e	GET	/63ff1fd29146e12da2193e06/verify/4750adda625e4c368a99281a5081cdf071bcf807963021b27a5e2d1f6feb556a	undefined
20230301	12:54:56	68986f1e-c5eb-442b-9adf-32b2792c00d7	POST	/signup	undefined
20230301	12:55:18	a1b13537-9501-4db8-9429-d43cea010532	GET	/63ff20f151a74d79293535c4/verify/61a91d4b5fa0e2d477db96eda1286538b5ed62db4d8ebe9a676e3f22e851cda6	undefined
20230301	12:55:19	cd42409a-4ac4-44ae-a2a9-91884e9b3046	GET	/auth	undefined
20230301	12:55:19	0e4f5486-9c1e-4a1d-8aa8-afd9977ab9f2	GET	/css/style.css	undefined
20230301	12:55:19	d771efc4-714d-4a44-80ab-429dcf78932b	GET	/auth	undefined
20230301	12:56:38	6a4fbee2-e822-4e5f-bbd1-b30463ad3f23	POST	/auth	undefined
20230301	12:57:08	00546410-49b8-4983-bd81-e9870f8fd3f7	POST	/auth/logout	undefined
20230301	12:57:26	5941f164-0363-469c-b222-0422b9d6141a	POST	/auth/refresh	undefined
20230301	12:57:34	e72099f9-c058-4dc2-a41d-12becee09fa8	GET	/auth/logout	undefined
20230301	12:59:29	dba2e211-f186-4129-9b87-f68cbcc8d8af	POST	/auth/logout	undefined
20230301	12:59:56	8979082e-515a-4cd2-bf30-3c344989cae8	POST	/logout	undefined
20230301	13:00:06	2929a6d6-0386-4dfc-9e73-973376f9e61d	POST	/auth/logout	undefined
20230301	13:00:08	21a2e644-7db1-4e54-a7bb-9cfb6872849d	POST	/auth/logout	undefined
20230301	13:00:17	24b7ed4b-7a18-48e8-9393-ad716332fbed	POST	/auth/refresh	undefined
20230301	13:00:44	a2a9936e-ded5-4882-af11-7a427a7d4db1	POST	/auth/refresh	undefined
20230301	13:00:50	30005d08-75af-4949-ad95-9a8246b86b6b	GET	/auth/refresh	undefined
20230301	13:01:00	7c50ef26-0de9-48c6-8d1d-c39c5d9c8370	GET	/auth/	undefined
20230301	13:01:06	ce2f95df-56b9-43ed-a169-c14572aada33	POST	/auth/	undefined
20230301	13:01:11	88e75232-89f5-4dd8-8fce-31cc25e4fea0	POST	/auth/	undefined
20230301	13:01:28	0715d2cb-569b-4175-bde1-1b068d83f6da	GET	/auth/refresh	undefined
20230301	13:01:37	ea681338-675d-4d58-a2a9-da0c345bb6fe	GET	/auth/refresh	undefined
20230301	13:02:59	a69dc8eb-4f9a-44b1-9035-7f5e98afe4a8	GET	/auth/refresh	undefined
20230301	13:03:39	3a0ff989-eab2-4fb7-bf35-757d4374432b	GET	/auth/refresh	undefined
20230301	13:04:06	b6e79eaf-5e49-40c2-a6f1-44cc9889bb8e	GET	/auth/refresh	undefined
20230301	13:07:20	c5774318-aa63-4d57-894e-2933277044c7	GET	/auth/refresh	undefined
20230302	08:02:42	5ffdd5a2-e29b-4027-90c3-ca05beb14bd8	POST	/signup	undefined
